
**** Build of configuration build for project wisp-base ****

"X:\\program files\\ti\\ccsv6\\utils\\bin\\gmake" -k all 
gmake: Nothing to be done for 'all'.

**** Build Finished ****

**** Build of configuration Debug for project ECC_cleaned ****

"X:\\program files\\ti\\ccsv6\\utils\\bin\\gmake" -k all 
'Building file: ../ECC.c'
'Invoking: MSP430 Compiler'
"X:/program files/ti/ccsv6/tools/compiler/msp430_15.12.3.LTS/bin/cl430" -vmspx --abi=eabi --data_model=restricted --include_path="X:/program files/ti/ccsv6/ccs_base/msp430/include" --include_path="X:/Documenten/school/HPB/wisp_ecc/ECC_on_wisp/wisp-base" --include_path="X:/program files/ti/ccsv6/tools/compiler/msp430_15.12.3.LTS/include" --advice:power="all" --advice:hw_config="1" -g --define=__MSP430FR5969__ --diag_warning=225 --display_error_number --diag_wrap=off --silicon_errata=CPU21 --silicon_errata=CPU22 --silicon_errata=CPU40 --printf_support=minimal --preproc_with_compile --preproc_dependency="ECC.d"  "../ECC.c"
"../ECC.c", line 21: warning #188-D: pointless comparison of unsigned integer with zero
"../ECC.c", line 18: remark #1544-D: (ULP 13.1) Detected loop counting up. Recommend loops count down as detecting zeros is easier
"../ECC.c", line 21: remark #1530-D: (ULP 5.1) Detected modulo operation(s). Recommend moving them to RAM during run time or not using as these are processing/power intensive
"../ECC.c", line 60: warning #188-D: pointless comparison of unsigned integer with zero
"../ECC.c", line 64: warning #188-D: pointless comparison of unsigned integer with zero
"../ECC.c", line 64: warning #188-D: pointless comparison of unsigned integer with zero
"../ECC.c", line 64: warning #188-D: pointless comparison of unsigned integer with zero
"../ECC.c", line 64: warning #188-D: pointless comparison of unsigned integer with zero
"../ECC.c", line 65: warning #188-D: pointless comparison of unsigned integer with zero
"../ECC.c", line 53: remark #1530-D: (ULP 5.1) Detected modulo operation(s). Recommend moving them to RAM during run time or not using as these are processing/power intensive
"../ECC.c", line 57: remark #1530-D: (ULP 5.1) Detected modulo operation(s). Recommend moving them to RAM during run time or not using as these are processing/power intensive
"../ECC.c", line 60: remark #1530-D: (ULP 5.1) Detected modulo operation(s). Recommend moving them to RAM during run time or not using as these are processing/power intensive
"../ECC.c", line 62: remark #1530-D: (ULP 5.1) Detected modulo operation(s). Recommend moving them to RAM during run time or not using as these are processing/power intensive
"../ECC.c", line 64: remark #1530-D: (ULP 5.1) Detected modulo operation(s). Recommend moving them to RAM during run time or not using as these are processing/power intensive
"../ECC.c", line 65: remark #1530-D: (ULP 5.1) Detected modulo operation(s). Recommend moving them to RAM during run time or not using as these are processing/power intensive
"../ECC.c", line 107: warning #515-D: a value of type "uint16_t *" cannot be assigned to an entity of type "uint8_t *"
"../ECC.c", line 134: warning #1132-D: returning pointer to local variable
"../ECC.c", line 140: remark #1530-D: (ULP 5.1) Detected modulo operation(s). Recommend moving them to RAM during run time or not using as these are processing/power intensive
"../ECC.c", line 141: remark #1530-D: (ULP 5.1) Detected modulo operation(s). Recommend moving them to RAM during run time or not using as these are processing/power intensive
"../ECC.c", line 143: remark #1530-D: (ULP 5.1) Detected modulo operation(s). Recommend moving them to RAM during run time or not using as these are processing/power intensive
"..\pragma.h", line 12: remark #1535-D: (ULP 8.1) variable "QA" is used as a constant. Recommend declaring variable as either 'static const' or 'const'
"..\pragma.h", line 18: remark #1535-D: (ULP 8.1) variable "QB" is used as a constant. Recommend declaring variable as either 'static const' or 'const'
"..\pragma.h", line 27: remark #1535-D: (ULP 8.1) variable "R" is used as a constant. Recommend declaring variable as either 'static const' or 'const'
'Finished building: ../ECC.c'
' '
'Building target: ECC_cleaned.out'
'Invoking: MSP430 Linker'
"X:/program files/ti/ccsv6/tools/compiler/msp430_15.12.3.LTS/bin/cl430" -vmspx --abi=eabi --data_model=restricted --advice:power="all" --advice:hw_config="1" -g --define=__MSP430FR5969__ --diag_warning=225 --display_error_number --diag_wrap=off --silicon_errata=CPU21 --silicon_errata=CPU22 --silicon_errata=CPU40 --printf_support=minimal -z -m"ECC_cleaned.map" --heap_size=160 --stack_size=160 --use_hw_mpy=F5 --cinit_hold_wdt=on -i"X:/program files/ti/ccsv6/ccs_base/msp430/include" -i"X:/program files/ti/ccsv6/tools/compiler/msp430_15.12.3.LTS/lib" -i"X:/program files/ti/ccsv6/tools/compiler/msp430_15.12.3.LTS/include" -i"X:/program files/ti/ccsv6/ccs_base/msp430/lib/5xx_6xx_FRxx" -i"X:/program files/ti/ccsv6/ccs_base/msp430/lib/FR59xx" --reread_libs --priority --warn_sections --display_error_number --diag_wrap=off --xml_link_info="ECC_cleaned_linkInfo.xml" --rom_model -o "ECC_cleaned.out" "./ECC.obj" "./catchall.obj" "./isr-link.obj" "./main.obj" "../lnk_msp430fr5969.cmd"  -llibc.a -l"X:/Documenten/school/HPB/wisp_ecc/ECC_on_wisp/wisp-base/build/wisp-base.lib" -llibmath.a 
<Linking>
warning #10247-D: creating output section ".TI.persistent" without a SECTIONS specification
remark #10371-D: (ULP 1.1) Detected no uses of low power mode state changing instructions
'Finished building target: ECC_cleaned.out'
' '

**** Build Finished ****

**** Build of configuration build for project wisp-base ****

"X:\\program files\\ti\\ccsv6\\utils\\bin\\gmake" -k all 
gmake: Nothing to be done for 'all'.

**** Build Finished ****

**** Build of configuration build for project wisp-base ****

"X:\\program files\\ti\\ccsv6\\utils\\bin\\gmake" -k all 
gmake: Nothing to be done for 'all'.

**** Build Finished ****

**** Build of configuration Debug for project ECC_cleaned ****

"X:\\program files\\ti\\ccsv6\\utils\\bin\\gmake" -k all 
gmake: Nothing to be done for 'all'.

**** Build Finished ****

**** Build of configuration build for project wisp-base ****

"X:\\program files\\ti\\ccsv6\\utils\\bin\\gmake" -k all 
gmake: Nothing to be done for 'all'.

**** Build Finished ****

**** Build of configuration build for project wisp-base ****

"X:\\program files\\ti\\ccsv6\\utils\\bin\\gmake" -k all 
gmake: Nothing to be done for 'all'.

**** Build Finished ****

**** Build of configuration Debug for project ECC_cleaned ****

"X:\\program files\\ti\\ccsv6\\utils\\bin\\gmake" -k all 
gmake: Nothing to be done for 'all'.

**** Build Finished ****
